# JRE version: OpenJDK Runtime Environment (11.0.15) (build 11.0.15+0-b2043.56-9505619)
# Java VM: OpenJDK 64-Bit Server VM (11.0.15+0-b2043.56-9505619, mixed mode, tiered, compressed oops, g1 gc, windows-amd64)
Heap:
 garbage-first heap   total 288768K, used 233327K [0x0000000080000000, 0x0000000100000000)
  region size 1024K, 9 young (9216K), 4 survivors (4096K)
 Metaspace       used 133789K, capacity 137603K, committed 137936K, reserved 1169408K
  class space    used 16781K, capacity 18190K, committed 18304K, reserved 1048576K
GC Heap History (20 events):
Event: 73.590 GC heap before
{Heap before GC invocations=96 (full 0):
 garbage-first heap   total 288768K, used 238478K [0x0000000080000000, 0x0000000100000000)
  region size 1024K, 38 young (38912K), 1 survivors (1024K)
 Metaspace       used 121822K, capacity 125279K, committed 125648K, reserved 1159168K
  class space    used 15084K, capacity 16387K, committed 16512K, reserved 1048576K
}
Event: 73.595 GC heap after
{Heap after GC invocations=97 (full 0):
 garbage-first heap   total 288768K, used 202174K [0x0000000080000000, 0x0000000100000000)
  region size 1024K, 2 young (2048K), 2 survivors (2048K)
 Metaspace       used 121822K, capacity 125279K, committed 125648K, reserved 1159168K
  class space    used 15084K, capacity 16387K, committed 16512K, reserved 1048576K
}
Event: 73.841 GC heap before
{Heap before GC invocations=97 (full 0):
 garbage-first heap   total 288768K, used 214462K [0x0000000080000000, 0x0000000100000000)
  region size 1024K, 14 young (14336K), 2 survivors (2048K)
 Metaspace       used 122741K, capacity 126207K, committed 126416K, reserved 1159168K
  class space    used 15204K, capacity 16483K, committed 16512K, reserved 1048576K
}
Event: 73.848 GC heap after
{Heap after GC invocations=98 (full 0):
 garbage-first heap   total 288768K, used 196210K [0x0000000080000000, 0x0000000100000000)
  region size 1024K, 2 young (2048K), 2 survivors (2048K)
 Metaspace       used 122741K, capacity 126207K, committed 126416K, reserved 1159168K
  class space    used 15204K, capacity 16483K, committed 16512K, reserved 1048576K
}
Event: 74.818 GC heap before
{Heap before GC invocations=98 (full 0):
 garbage-first heap   total 288768K, used 238194K [0x0000000080000000, 0x0000000100000000)
  region size 1024K, 44 young (45056K), 2 survivors (2048K)
 Metaspace       used 124798K, capacity 128313K, committed 128464K, reserved 1161216K
  class space    used 15429K, capacity 16743K, committed 16768K, reserved 1048576K
}
Event: 74.827 GC heap after
{Heap after GC invocations=99 (full 0):
 garbage-first heap   total 288768K, used 199207K [0x0000000080000000, 0x0000000100000000)
  region size 1024K, 5 young (5120K), 5 survivors (5120K)
 Metaspace       used 124798K, capacity 128313K, committed 128464K, reserved 1161216K
  class space    used 15429K, capacity 16743K, committed 16768K, reserved 1048576K
}
Event: 75.817 GC heap before
{Heap before GC invocations=100 (full 0):
 garbage-first heap   total 288768K, used 243239K [0x0000000080000000, 0x0000000100000000)
  region size 1024K, 47 young (48128K), 5 survivors (5120K)
 Metaspace       used 126054K, capacity 129594K, committed 129744K, reserved 1163264K
  class space    used 15593K, capacity 16918K, committed 17024K, reserved 1048576K
}
Event: 75.835 GC heap after
{Heap after GC invocations=101 (full 0):
 garbage-first heap   total 288768K, used 200692K [0x0000000080000000, 0x0000000100000000)
  region size 1024K, 5 young (5120K), 5 survivors (5120K)
 Metaspace       used 126054K, capacity 129594K, committed 129744K, reserved 1163264K
  class space    used 15593K, capacity 16918K, committed 17024K, reserved 1048576K
}
Event: 76.133 GC heap before
{Heap before GC invocations=101 (full 0):
 garbage-first heap   total 288768K, used 209908K [0x0000000080000000, 0x0000000100000000)
  region size 1024K, 14 young (14336K), 5 survivors (5120K)
 Metaspace       used 126077K, capacity 129664K, committed 130000K, reserved 1163264K
  class space    used 15595K, capacity 16920K, committed 17024K, reserved 1048576K
}
Event: 76.154 GC heap after
{Heap after GC invocations=102 (full 0):
 garbage-first heap   total 288768K, used 200427K [0x0000000080000000, 0x0000000100000000)
  region size 1024K, 1 young (1024K), 1 survivors (1024K)
 Metaspace       used 126077K, capacity 129664K, committed 130000K, reserved 1163264K
  class space    used 15595K, capacity 16920K, committed 17024K, reserved 1048576K
}
Event: 77.813 GC heap before
{Heap before GC invocations=102 (full 0):
 garbage-first heap   total 288768K, used 234219K [0x0000000080000000, 0x0000000100000000)
  region size 1024K, 36 young (36864K), 1 survivors (1024K)
 Metaspace       used 127288K, capacity 130962K, committed 131152K, reserved 1163264K
  class space    used 15721K, capacity 17064K, committed 17152K, reserved 1048576K
}
Event: 77.821 GC heap after
{Heap after GC invocations=103 (full 0):
 garbage-first heap   total 288768K, used 202421K [0x0000000080000000, 0x0000000100000000)
  region size 1024K, 3 young (3072K), 3 survivors (3072K)
 Metaspace       used 127288K, capacity 130962K, committed 131152K, reserved 1163264K
  class space    used 15721K, capacity 17064K, committed 17152K, reserved 1048576K
}
Event: 78.370 GC heap before
{Heap before GC invocations=104 (full 0):
 garbage-first heap   total 288768K, used 203445K [0x0000000080000000, 0x0000000100000000)
  region size 1024K, 4 young (4096K), 3 survivors (3072K)
 Metaspace       used 127288K, capacity 130962K, committed 131152K, reserved 1163264K
  class space    used 15721K, capacity 17064K, committed 17152K, reserved 1048576K
}
Event: 78.376 GC heap after
{Heap after GC invocations=105 (full 0):
 garbage-first heap   total 288768K, used 204074K [0x0000000080000000, 0x0000000100000000)
  region size 1024K, 4 young (4096K), 4 survivors (4096K)
 Metaspace       used 127288K, capacity 130962K, committed 131152K, reserved 1163264K
  class space    used 15721K, capacity 17064K, committed 17152K, reserved 1048576K
}
Event: 79.048 GC heap before
{Heap before GC invocations=106 (full 0):
 garbage-first heap   total 288768K, used 216362K [0x0000000080000000, 0x0000000100000000)
  region size 1024K, 17 young (17408K), 4 survivors (4096K)
 Metaspace       used 130157K, capacity 133808K, committed 134096K, reserved 1165312K
  class space    used 16128K, capacity 17483K, committed 17536K, reserved 1048576K
}
Event: 79.056 GC heap after
{Heap after GC invocations=107 (full 0):
 garbage-first heap   total 288768K, used 206942K [0x0000000080000000, 0x0000000100000000)
  region size 1024K, 3 young (3072K), 3 survivors (3072K)
 Metaspace       used 130157K, capacity 133808K, committed 134096K, reserved 1165312K
  class space    used 16128K, capacity 17483K, committed 17536K, reserved 1048576K
}
Event: 79.544 GC heap before
{Heap before GC invocations=108 (full 0):
 garbage-first heap   total 288768K, used 237662K [0x0000000080000000, 0x0000000100000000)
  region size 1024K, 30 young (30720K), 3 survivors (3072K)
 Metaspace       used 132555K, capacity 136323K, committed 136400K, reserved 1167360K
  class space    used 16629K, capacity 18027K, committed 18048K, reserved 1048576K
}
Event: 79.565 GC heap after
{Heap after GC invocations=109 (full 0):
 garbage-first heap   total 288768K, used 217545K [0x0000000080000000, 0x0000000100000000)
  region size 1024K, 4 young (4096K), 4 survivors (4096K)
 Metaspace       used 132555K, capacity 136323K, committed 136400K, reserved 1167360K
  class space    used 16629K, capacity 18027K, committed 18048K, reserved 1048576K
}
Event: 79.875 GC heap before
{Heap before GC invocations=109 (full 0):
 garbage-first heap   total 288768K, used 240073K [0x0000000080000000, 0x0000000100000000)
  region size 1024K, 26 young (26624K), 4 survivors (4096K)
 Metaspace       used 132776K, capacity 136596K, committed 136656K, reserved 1167360K
  class space    used 16629K, capacity 18027K, committed 18048K, reserved 1048576K
}
Event: 79.903 GC heap after
{Heap after GC invocations=110 (full 0):
 garbage-first heap   total 288768K, used 229231K [0x0000000080000000, 0x0000000100000000)
  region size 1024K, 4 young (4096K), 4 survivors (4096K)
 Metaspace       used 132776K, capacity 136596K, committed 136656K, reserved 1167360K
  class space    used 16629K, capacity 18027K, committed 18048K, reserved 1048576K
}

